Performing C++ SOURCE FILE Test COMPILER_SUPPORT_Wshorten64to32 failed with the following output:
Change Dir: /mnt/c/Users/Indil/Desktop/RStudioGit/IterativeMethods/build_dir/CMakeFiles/CMakeTmp

Run Build Command(s):/usr/bin/make cmTC_26ed2/fast && /usr/bin/make -f CMakeFiles/cmTC_26ed2.dir/build.make CMakeFiles/cmTC_26ed2.dir/build
make[1]: Entering directory '/mnt/c/Users/Indil/Desktop/RStudioGit/IterativeMethods/build_dir/CMakeFiles/CMakeTmp'
Building CXX object CMakeFiles/cmTC_26ed2.dir/src.cxx.o
/usr/bin/c++    -std=c++03 -pedantic -Wall -Wextra -Wundef -Wcast-align -Wchar-subscripts -Wnon-virtual-dtor -Wunused-local-typedefs -Wpointer-arith -Wwrite-strings -Wformat-security -DCOMPILER_SUPPORT_Wshorten64to32 -Werror   -Wshorten-64-to-32 -o CMakeFiles/cmTC_26ed2.dir/src.cxx.o -c /mnt/c/Users/Indil/Desktop/RStudioGit/IterativeMethods/build_dir/CMakeFiles/CMakeTmp/src.cxx
c++: error: unrecognized command line option '-Wshorten-64-to-32'
make[1]: *** [CMakeFiles/cmTC_26ed2.dir/build.make:66: CMakeFiles/cmTC_26ed2.dir/src.cxx.o] Error 1
make[1]: Leaving directory '/mnt/c/Users/Indil/Desktop/RStudioGit/IterativeMethods/build_dir/CMakeFiles/CMakeTmp'
make: *** [Makefile:121: cmTC_26ed2/fast] Error 2


Source file was:
int main() { return 0; }
Performing C++ SOURCE FILE Test COMPILER_SUPPORT_Wenumconversion failed with the following output:
Change Dir: /mnt/c/Users/Indil/Desktop/RStudioGit/IterativeMethods/build_dir/CMakeFiles/CMakeTmp

Run Build Command(s):/usr/bin/make cmTC_3c4ba/fast && /usr/bin/make -f CMakeFiles/cmTC_3c4ba.dir/build.make CMakeFiles/cmTC_3c4ba.dir/build
make[1]: Entering directory '/mnt/c/Users/Indil/Desktop/RStudioGit/IterativeMethods/build_dir/CMakeFiles/CMakeTmp'
Building CXX object CMakeFiles/cmTC_3c4ba.dir/src.cxx.o
/usr/bin/c++    -std=c++03 -pedantic -Wall -Wextra -Wundef -Wcast-align -Wchar-subscripts -Wnon-virtual-dtor -Wunused-local-typedefs -Wpointer-arith -Wwrite-strings -Wformat-security -Wlogical-op -DCOMPILER_SUPPORT_Wenumconversion -Werror   -Wenum-conversion -o CMakeFiles/cmTC_3c4ba.dir/src.cxx.o -c /mnt/c/Users/Indil/Desktop/RStudioGit/IterativeMethods/build_dir/CMakeFiles/CMakeTmp/src.cxx
c++: error: unrecognized command line option '-Wenum-conversion'; did you mean '-Wno-conversion'?
make[1]: *** [CMakeFiles/cmTC_3c4ba.dir/build.make:66: CMakeFiles/cmTC_3c4ba.dir/src.cxx.o] Error 1
make[1]: Leaving directory '/mnt/c/Users/Indil/Desktop/RStudioGit/IterativeMethods/build_dir/CMakeFiles/CMakeTmp'
make: *** [Makefile:121: cmTC_3c4ba/fast] Error 2


Source file was:
int main() { return 0; }
Performing C++ SOURCE FILE Test COMPILER_SUPPORT_Wcpp11extensions failed with the following output:
Change Dir: /mnt/c/Users/Indil/Desktop/RStudioGit/IterativeMethods/build_dir/CMakeFiles/CMakeTmp

Run Build Command(s):/usr/bin/make cmTC_455fe/fast && /usr/bin/make -f CMakeFiles/cmTC_455fe.dir/build.make CMakeFiles/cmTC_455fe.dir/build
make[1]: Entering directory '/mnt/c/Users/Indil/Desktop/RStudioGit/IterativeMethods/build_dir/CMakeFiles/CMakeTmp'
Building CXX object CMakeFiles/cmTC_455fe.dir/src.cxx.o
/usr/bin/c++    -std=c++03 -pedantic -Wall -Wextra -Wundef -Wcast-align -Wchar-subscripts -Wnon-virtual-dtor -Wunused-local-typedefs -Wpointer-arith -Wwrite-strings -Wformat-security -Wlogical-op -DCOMPILER_SUPPORT_Wcpp11extensions -Werror   -Wc++11-extensions -o CMakeFiles/cmTC_455fe.dir/src.cxx.o -c /mnt/c/Users/Indil/Desktop/RStudioGit/IterativeMethods/build_dir/CMakeFiles/CMakeTmp/src.cxx
c++: error: unrecognized command line option '-Wc++11-extensions'; did you mean '-fms-extensions'?
make[1]: *** [CMakeFiles/cmTC_455fe.dir/build.make:66: CMakeFiles/cmTC_455fe.dir/src.cxx.o] Error 1
make[1]: Leaving directory '/mnt/c/Users/Indil/Desktop/RStudioGit/IterativeMethods/build_dir/CMakeFiles/CMakeTmp'
make: *** [Makefile:121: cmTC_455fe/fast] Error 2


Source file was:
int main() { return 0; }
Performing C++ SOURCE FILE Test COMPILER_SUPPORT_wd981 failed with the following output:
Change Dir: /mnt/c/Users/Indil/Desktop/RStudioGit/IterativeMethods/build_dir/CMakeFiles/CMakeTmp

Run Build Command(s):/usr/bin/make cmTC_2539f/fast && /usr/bin/make -f CMakeFiles/cmTC_2539f.dir/build.make CMakeFiles/cmTC_2539f.dir/build
make[1]: Entering directory '/mnt/c/Users/Indil/Desktop/RStudioGit/IterativeMethods/build_dir/CMakeFiles/CMakeTmp'
Building CXX object CMakeFiles/cmTC_2539f.dir/src.cxx.o
/usr/bin/c++    -std=c++03 -pedantic -Wall -Wextra -Wundef -Wcast-align -Wchar-subscripts -Wnon-virtual-dtor -Wunused-local-typedefs -Wpointer-arith -Wwrite-strings -Wformat-security -Wlogical-op -Wdouble-promotion -Wno-psabi -Wno-variadic-macros -Wno-long-long -fno-check-new -fno-common -fstrict-aliasing -DCOMPILER_SUPPORT_wd981 -Werror   -wd981 -o CMakeFiles/cmTC_2539f.dir/src.cxx.o -c /mnt/c/Users/Indil/Desktop/RStudioGit/IterativeMethods/build_dir/CMakeFiles/CMakeTmp/src.cxx
c++: error: unrecognized command line option '-wd981'
make[1]: *** [CMakeFiles/cmTC_2539f.dir/build.make:66: CMakeFiles/cmTC_2539f.dir/src.cxx.o] Error 1
make[1]: Leaving directory '/mnt/c/Users/Indil/Desktop/RStudioGit/IterativeMethods/build_dir/CMakeFiles/CMakeTmp'
make: *** [Makefile:121: cmTC_2539f/fast] Error 2


Source file was:
int main() { return 0; }
Performing C++ SOURCE FILE Test COMPILER_SUPPORT_wd2304 failed with the following output:
Change Dir: /mnt/c/Users/Indil/Desktop/RStudioGit/IterativeMethods/build_dir/CMakeFiles/CMakeTmp

Run Build Command(s):/usr/bin/make cmTC_378b2/fast && /usr/bin/make -f CMakeFiles/cmTC_378b2.dir/build.make CMakeFiles/cmTC_378b2.dir/build
make[1]: Entering directory '/mnt/c/Users/Indil/Desktop/RStudioGit/IterativeMethods/build_dir/CMakeFiles/CMakeTmp'
Building CXX object CMakeFiles/cmTC_378b2.dir/src.cxx.o
/usr/bin/c++    -std=c++03 -pedantic -Wall -Wextra -Wundef -Wcast-align -Wchar-subscripts -Wnon-virtual-dtor -Wunused-local-typedefs -Wpointer-arith -Wwrite-strings -Wformat-security -Wlogical-op -Wdouble-promotion -Wno-psabi -Wno-variadic-macros -Wno-long-long -fno-check-new -fno-common -fstrict-aliasing -DCOMPILER_SUPPORT_wd2304 -Werror   -wd2304 -o CMakeFiles/cmTC_378b2.dir/src.cxx.o -c /mnt/c/Users/Indil/Desktop/RStudioGit/IterativeMethods/build_dir/CMakeFiles/CMakeTmp/src.cxx
c++: error: unrecognized command line option '-wd2304'
make[1]: *** [CMakeFiles/cmTC_378b2.dir/build.make:66: CMakeFiles/cmTC_378b2.dir/src.cxx.o] Error 1
make[1]: Leaving directory '/mnt/c/Users/Indil/Desktop/RStudioGit/IterativeMethods/build_dir/CMakeFiles/CMakeTmp'
make: *** [Makefile:121: cmTC_378b2/fast] Error 2


Source file was:
int main() { return 0; }
Performing C++ SOURCE FILE Test COMPILER_SUPPORT_STRICTANSI failed with the following output:
Change Dir: /mnt/c/Users/Indil/Desktop/RStudioGit/IterativeMethods/build_dir/CMakeFiles/CMakeTmp

Run Build Command(s):/usr/bin/make cmTC_116d9/fast && /usr/bin/make -f CMakeFiles/cmTC_116d9.dir/build.make CMakeFiles/cmTC_116d9.dir/build
make[1]: Entering directory '/mnt/c/Users/Indil/Desktop/RStudioGit/IterativeMethods/build_dir/CMakeFiles/CMakeTmp'
Building CXX object CMakeFiles/cmTC_116d9.dir/src.cxx.o
/usr/bin/c++    -std=c++03 -pedantic -Wall -Wextra -Wundef -Wcast-align -Wchar-subscripts -Wnon-virtual-dtor -Wunused-local-typedefs -Wpointer-arith -Wwrite-strings -Wformat-security -Wlogical-op -Wdouble-promotion -Wno-psabi -Wno-variadic-macros -Wno-long-long -fno-check-new -fno-common -fstrict-aliasing -DCOMPILER_SUPPORT_STRICTANSI -Werror   -strict-ansi -o CMakeFiles/cmTC_116d9.dir/src.cxx.o -c /mnt/c/Users/Indil/Desktop/RStudioGit/IterativeMethods/build_dir/CMakeFiles/CMakeTmp/src.cxx
c++: error: unrecognized command line option '-strict-ansi'; did you mean '-fstrict-enums'?
make[1]: *** [CMakeFiles/cmTC_116d9.dir/build.make:66: CMakeFiles/cmTC_116d9.dir/src.cxx.o] Error 1
make[1]: Leaving directory '/mnt/c/Users/Indil/Desktop/RStudioGit/IterativeMethods/build_dir/CMakeFiles/CMakeTmp'
make: *** [Makefile:121: cmTC_116d9/fast] Error 2


Source file was:
int main() { return 0; }
Performing C++ SOURCE FILE Test COMPILER_SUPPORT_Qunusedarguments failed with the following output:
Change Dir: /mnt/c/Users/Indil/Desktop/RStudioGit/IterativeMethods/build_dir/CMakeFiles/CMakeTmp

Run Build Command(s):/usr/bin/make cmTC_99b9a/fast && /usr/bin/make -f CMakeFiles/cmTC_99b9a.dir/build.make CMakeFiles/cmTC_99b9a.dir/build
make[1]: Entering directory '/mnt/c/Users/Indil/Desktop/RStudioGit/IterativeMethods/build_dir/CMakeFiles/CMakeTmp'
Building CXX object CMakeFiles/cmTC_99b9a.dir/src.cxx.o
/usr/bin/c++    -std=c++03 -pedantic -Wall -Wextra -Wundef -Wcast-align -Wchar-subscripts -Wnon-virtual-dtor -Wunused-local-typedefs -Wpointer-arith -Wwrite-strings -Wformat-security -Wlogical-op -Wdouble-promotion -Wno-psabi -Wno-variadic-macros -Wno-long-long -fno-check-new -fno-common -fstrict-aliasing -DCOMPILER_SUPPORT_Qunusedarguments -Werror   -Qunused-arguments -o CMakeFiles/cmTC_99b9a.dir/src.cxx.o -c /mnt/c/Users/Indil/Desktop/RStudioGit/IterativeMethods/build_dir/CMakeFiles/CMakeTmp/src.cxx
c++: error: unrecognized command line option '-Qunused-arguments'
make[1]: *** [CMakeFiles/cmTC_99b9a.dir/build.make:66: CMakeFiles/cmTC_99b9a.dir/src.cxx.o] Error 1
make[1]: Leaving directory '/mnt/c/Users/Indil/Desktop/RStudioGit/IterativeMethods/build_dir/CMakeFiles/CMakeTmp'
make: *** [Makefile:121: cmTC_99b9a/fast] Error 2


Source file was:
int main() { return 0; }
Performing C SOURCE FILE Test CMAKE_HAVE_LIBC_PTHREAD failed with the following output:
Change Dir: /mnt/c/Users/Indil/Desktop/RStudioGit/IterativeMethods/build_dir/CMakeFiles/CMakeTmp

Run Build Command(s):/usr/bin/make cmTC_81961/fast && /usr/bin/make -f CMakeFiles/cmTC_81961.dir/build.make CMakeFiles/cmTC_81961.dir/build
make[1]: Entering directory '/mnt/c/Users/Indil/Desktop/RStudioGit/IterativeMethods/build_dir/CMakeFiles/CMakeTmp'
Building C object CMakeFiles/cmTC_81961.dir/src.c.o
/usr/bin/cc   -DCMAKE_HAVE_LIBC_PTHREAD   -o CMakeFiles/cmTC_81961.dir/src.c.o   -c /mnt/c/Users/Indil/Desktop/RStudioGit/IterativeMethods/build_dir/CMakeFiles/CMakeTmp/src.c
Linking C executable cmTC_81961
/usr/bin/cmake -E cmake_link_script CMakeFiles/cmTC_81961.dir/link.txt --verbose=1
/usr/bin/cc  -DCMAKE_HAVE_LIBC_PTHREAD    -rdynamic CMakeFiles/cmTC_81961.dir/src.c.o  -o cmTC_81961 
/usr/bin/ld: CMakeFiles/cmTC_81961.dir/src.c.o: in function `main':
src.c:(.text+0x46): undefined reference to `pthread_create'
/usr/bin/ld: src.c:(.text+0x52): undefined reference to `pthread_detach'
/usr/bin/ld: src.c:(.text+0x63): undefined reference to `pthread_join'
collect2: error: ld returned 1 exit status
make[1]: *** [CMakeFiles/cmTC_81961.dir/build.make:87: cmTC_81961] Error 1
make[1]: Leaving directory '/mnt/c/Users/Indil/Desktop/RStudioGit/IterativeMethods/build_dir/CMakeFiles/CMakeTmp'
make: *** [Makefile:121: cmTC_81961/fast] Error 2


Source file was:
#include <pthread.h>

void* test_func(void* data)
{
  return data;
}

int main(void)
{
  pthread_t thread;
  pthread_create(&thread, NULL, test_func, NULL);
  pthread_detach(thread);
  pthread_join(thread, NULL);
  pthread_atfork(NULL, NULL, NULL);
  pthread_exit(NULL);

  return 0;
}

Determining if the function pthread_create exists in the pthreads failed with the following output:
Change Dir: /mnt/c/Users/Indil/Desktop/RStudioGit/IterativeMethods/build_dir/CMakeFiles/CMakeTmp

Run Build Command(s):/usr/bin/make cmTC_bfb92/fast && /usr/bin/make -f CMakeFiles/cmTC_bfb92.dir/build.make CMakeFiles/cmTC_bfb92.dir/build
make[1]: Entering directory '/mnt/c/Users/Indil/Desktop/RStudioGit/IterativeMethods/build_dir/CMakeFiles/CMakeTmp'
Building C object CMakeFiles/cmTC_bfb92.dir/CheckFunctionExists.c.o
/usr/bin/cc   -DCHECK_FUNCTION_EXISTS=pthread_create   -o CMakeFiles/cmTC_bfb92.dir/CheckFunctionExists.c.o   -c /usr/share/cmake-3.16/Modules/CheckFunctionExists.c
Linking C executable cmTC_bfb92
/usr/bin/cmake -E cmake_link_script CMakeFiles/cmTC_bfb92.dir/link.txt --verbose=1
/usr/bin/cc  -DCHECK_FUNCTION_EXISTS=pthread_create    -rdynamic CMakeFiles/cmTC_bfb92.dir/CheckFunctionExists.c.o  -o cmTC_bfb92  -lpthreads 
/usr/bin/ld: cannot find -lpthreads
collect2: error: ld returned 1 exit status
make[1]: *** [CMakeFiles/cmTC_bfb92.dir/build.make:87: cmTC_bfb92] Error 1
make[1]: Leaving directory '/mnt/c/Users/Indil/Desktop/RStudioGit/IterativeMethods/build_dir/CMakeFiles/CMakeTmp'
make: *** [Makefile:121: cmTC_bfb92/fast] Error 2



The MPI test test_mpi for C in mode normal failed to compile with the following output:
Change Dir: /mnt/c/Users/Indil/Desktop/RStudioGit/IterativeMethods/build_dir/CMakeFiles/CMakeTmp

Run Build Command(s):/usr/bin/make cmTC_e99cf/fast && /usr/bin/make -f CMakeFiles/cmTC_e99cf.dir/build.make CMakeFiles/cmTC_e99cf.dir/build
make[1]: Entering directory '/mnt/c/Users/Indil/Desktop/RStudioGit/IterativeMethods/build_dir/CMakeFiles/CMakeTmp'
Building C object CMakeFiles/cmTC_e99cf.dir/test_mpi.c.o
/usr/bin/cc    -o CMakeFiles/cmTC_e99cf.dir/test_mpi.c.o   -c /usr/share/cmake-3.16/Modules/FindMPI/test_mpi.c
/usr/share/cmake-3.16/Modules/FindMPI/test_mpi.c:1:10: fatal error: mpi.h: No such file or directory
    1 | #include <mpi.h>
      |          ^~~~~~~
compilation terminated.
make[1]: *** [CMakeFiles/cmTC_e99cf.dir/build.make:66: CMakeFiles/cmTC_e99cf.dir/test_mpi.c.o] Error 1
make[1]: Leaving directory '/mnt/c/Users/Indil/Desktop/RStudioGit/IterativeMethods/build_dir/CMakeFiles/CMakeTmp'
make: *** [Makefile:121: cmTC_e99cf/fast] Error 2



The MPI test test_mpi for CXX in mode normal failed to compile with the following output:
Change Dir: /mnt/c/Users/Indil/Desktop/RStudioGit/IterativeMethods/build_dir/CMakeFiles/CMakeTmp

Run Build Command(s):/usr/bin/make cmTC_66e43/fast && /usr/bin/make -f CMakeFiles/cmTC_66e43.dir/build.make CMakeFiles/cmTC_66e43.dir/build
make[1]: Entering directory '/mnt/c/Users/Indil/Desktop/RStudioGit/IterativeMethods/build_dir/CMakeFiles/CMakeTmp'
Building CXX object CMakeFiles/cmTC_66e43.dir/test_mpi.cpp.o
/usr/bin/c++    -std=c++03 -pedantic -Wall -Wextra -Wundef -Wcast-align -Wchar-subscripts -Wnon-virtual-dtor -Wunused-local-typedefs -Wpointer-arith -Wwrite-strings -Wformat-security -Wlogical-op -Wdouble-promotion -Wno-psabi -Wno-variadic-macros -Wno-long-long -fno-check-new -fno-common -fstrict-aliasing -ansi    -o CMakeFiles/cmTC_66e43.dir/test_mpi.cpp.o -c /mnt/c/Users/Indil/Desktop/RStudioGit/IterativeMethods/build_dir/CMakeFiles/FindMPI/test_mpi.cpp
/mnt/c/Users/Indil/Desktop/RStudioGit/IterativeMethods/build_dir/CMakeFiles/FindMPI/test_mpi.cpp:1:10: fatal error: mpi.h: No such file or directory
    1 | #include <mpi.h>
      |          ^~~~~~~
compilation terminated.
make[1]: *** [CMakeFiles/cmTC_66e43.dir/build.make:66: CMakeFiles/cmTC_66e43.dir/test_mpi.cpp.o] Error 1
make[1]: Leaving directory '/mnt/c/Users/Indil/Desktop/RStudioGit/IterativeMethods/build_dir/CMakeFiles/CMakeTmp'
make: *** [Makefile:121: cmTC_66e43/fast] Error 2



Performing C SOURCE FILE Test SCOTCH_Num_4 failed with the following compile output:
Change Dir: /mnt/c/Users/Indil/Desktop/RStudioGit/IterativeMethods/build_dir/CMakeFiles/CMakeTmp

Run Build Command(s):/usr/bin/make cmTC_f9902/fast && /usr/bin/make -f CMakeFiles/cmTC_f9902.dir/build.make CMakeFiles/cmTC_f9902.dir/build
make[1]: Entering directory '/mnt/c/Users/Indil/Desktop/RStudioGit/IterativeMethods/build_dir/CMakeFiles/CMakeTmp'
Building C object CMakeFiles/cmTC_f9902.dir/src.c.o
/usr/bin/cc   -DSCOTCH_Num_4   -o CMakeFiles/cmTC_f9902.dir/src.c.o   -c /mnt/c/Users/Indil/Desktop/RStudioGit/IterativeMethods/build_dir/CMakeFiles/CMakeTmp/src.c
/mnt/c/Users/Indil/Desktop/RStudioGit/IterativeMethods/build_dir/CMakeFiles/CMakeTmp/src.c:4:10: fatal error: scotch.h: No such file or directory
    4 | #include <scotch.h>
      |          ^~~~~~~~~~
compilation terminated.
make[1]: *** [CMakeFiles/cmTC_f9902.dir/build.make:66: CMakeFiles/cmTC_f9902.dir/src.c.o] Error 1
make[1]: Leaving directory '/mnt/c/Users/Indil/Desktop/RStudioGit/IterativeMethods/build_dir/CMakeFiles/CMakeTmp'
make: *** [Makefile:121: cmTC_f9902/fast] Error 2


...and run output:

Return value: 1
Source file was:

#include <stdio.h>
#include <stdint.h>
#include <scotch.h>
int main(int argc, char **argv) {
  if (sizeof(SCOTCH_Num) == 4)
    return 0;
  else
    return 1;
}

Performing C SOURCE FILE Test SCOTCH_Num_8 failed with the following compile output:
Change Dir: /mnt/c/Users/Indil/Desktop/RStudioGit/IterativeMethods/build_dir/CMakeFiles/CMakeTmp

Run Build Command(s):/usr/bin/make cmTC_e5f56/fast && /usr/bin/make -f CMakeFiles/cmTC_e5f56.dir/build.make CMakeFiles/cmTC_e5f56.dir/build
make[1]: Entering directory '/mnt/c/Users/Indil/Desktop/RStudioGit/IterativeMethods/build_dir/CMakeFiles/CMakeTmp'
Building C object CMakeFiles/cmTC_e5f56.dir/src.c.o
/usr/bin/cc   -DSCOTCH_Num_8   -o CMakeFiles/cmTC_e5f56.dir/src.c.o   -c /mnt/c/Users/Indil/Desktop/RStudioGit/IterativeMethods/build_dir/CMakeFiles/CMakeTmp/src.c
/mnt/c/Users/Indil/Desktop/RStudioGit/IterativeMethods/build_dir/CMakeFiles/CMakeTmp/src.c:4:10: fatal error: scotch.h: No such file or directory
    4 | #include <scotch.h>
      |          ^~~~~~~~~~
compilation terminated.
make[1]: *** [CMakeFiles/cmTC_e5f56.dir/build.make:66: CMakeFiles/cmTC_e5f56.dir/src.c.o] Error 1
make[1]: Leaving directory '/mnt/c/Users/Indil/Desktop/RStudioGit/IterativeMethods/build_dir/CMakeFiles/CMakeTmp'
make: *** [Makefile:121: cmTC_e5f56/fast] Error 2


...and run output:

Return value: 1
Source file was:

#include <stdio.h>
#include <stdint.h>
#include <scotch.h>
int main(int argc, char **argv) {
  if (sizeof(SCOTCH_Num) == 8)
    return 0;
  else
    return 1;
}

The MPI test test_mpi for C in mode normal failed to compile with the following output:
Change Dir: /mnt/c/Users/Indil/Desktop/RStudioGit/IterativeMethods/build_dir/CMakeFiles/CMakeTmp

Run Build Command(s):/usr/bin/make cmTC_8e74f/fast && /usr/bin/make -f CMakeFiles/cmTC_8e74f.dir/build.make CMakeFiles/cmTC_8e74f.dir/build
make[1]: Entering directory '/mnt/c/Users/Indil/Desktop/RStudioGit/IterativeMethods/build_dir/CMakeFiles/CMakeTmp'
Building C object CMakeFiles/cmTC_8e74f.dir/test_mpi.c.o
/usr/bin/cc    -o CMakeFiles/cmTC_8e74f.dir/test_mpi.c.o   -c /usr/share/cmake-3.16/Modules/FindMPI/test_mpi.c
/usr/share/cmake-3.16/Modules/FindMPI/test_mpi.c:1:10: fatal error: mpi.h: No such file or directory
    1 | #include <mpi.h>
      |          ^~~~~~~
compilation terminated.
make[1]: *** [CMakeFiles/cmTC_8e74f.dir/build.make:66: CMakeFiles/cmTC_8e74f.dir/test_mpi.c.o] Error 1
make[1]: Leaving directory '/mnt/c/Users/Indil/Desktop/RStudioGit/IterativeMethods/build_dir/CMakeFiles/CMakeTmp'
make: *** [Makefile:121: cmTC_8e74f/fast] Error 2



The MPI test test_mpi for CXX in mode normal failed to compile with the following output:
Change Dir: /mnt/c/Users/Indil/Desktop/RStudioGit/IterativeMethods/build_dir/CMakeFiles/CMakeTmp

Run Build Command(s):/usr/bin/make cmTC_b75b1/fast && /usr/bin/make -f CMakeFiles/cmTC_b75b1.dir/build.make CMakeFiles/cmTC_b75b1.dir/build
make[1]: Entering directory '/mnt/c/Users/Indil/Desktop/RStudioGit/IterativeMethods/build_dir/CMakeFiles/CMakeTmp'
Building CXX object CMakeFiles/cmTC_b75b1.dir/test_mpi.cpp.o
/usr/bin/c++    -std=c++03 -pedantic -Wall -Wextra -Wundef -Wcast-align -Wchar-subscripts -Wnon-virtual-dtor -Wunused-local-typedefs -Wpointer-arith -Wwrite-strings -Wformat-security -Wlogical-op -Wdouble-promotion -Wno-psabi -Wno-variadic-macros -Wno-long-long -fno-check-new -fno-common -fstrict-aliasing -ansi    -o CMakeFiles/cmTC_b75b1.dir/test_mpi.cpp.o -c /mnt/c/Users/Indil/Desktop/RStudioGit/IterativeMethods/build_dir/CMakeFiles/FindMPI/test_mpi.cpp
/mnt/c/Users/Indil/Desktop/RStudioGit/IterativeMethods/build_dir/CMakeFiles/FindMPI/test_mpi.cpp:1:10: fatal error: mpi.h: No such file or directory
    1 | #include <mpi.h>
      |          ^~~~~~~
compilation terminated.
make[1]: *** [CMakeFiles/cmTC_b75b1.dir/build.make:66: CMakeFiles/cmTC_b75b1.dir/test_mpi.cpp.o] Error 1
make[1]: Leaving directory '/mnt/c/Users/Indil/Desktop/RStudioGit/IterativeMethods/build_dir/CMakeFiles/CMakeTmp'
make: *** [Makefile:121: cmTC_b75b1/fast] Error 2



Performing C SOURCE FILE Test PTSCOTCH_Num_4 failed with the following compile output:
Change Dir: /mnt/c/Users/Indil/Desktop/RStudioGit/IterativeMethods/build_dir/CMakeFiles/CMakeTmp

Run Build Command(s):/usr/bin/make cmTC_7fe78/fast && /usr/bin/make -f CMakeFiles/cmTC_7fe78.dir/build.make CMakeFiles/cmTC_7fe78.dir/build
make[1]: Entering directory '/mnt/c/Users/Indil/Desktop/RStudioGit/IterativeMethods/build_dir/CMakeFiles/CMakeTmp'
Building C object CMakeFiles/cmTC_7fe78.dir/src.c.o
/usr/bin/cc   -DPTSCOTCH_Num_4   -o CMakeFiles/cmTC_7fe78.dir/src.c.o   -c /mnt/c/Users/Indil/Desktop/RStudioGit/IterativeMethods/build_dir/CMakeFiles/CMakeTmp/src.c
/mnt/c/Users/Indil/Desktop/RStudioGit/IterativeMethods/build_dir/CMakeFiles/CMakeTmp/src.c:4:10: fatal error: ptscotch.h: No such file or directory
    4 | #include <ptscotch.h>
      |          ^~~~~~~~~~~~
compilation terminated.
make[1]: *** [CMakeFiles/cmTC_7fe78.dir/build.make:66: CMakeFiles/cmTC_7fe78.dir/src.c.o] Error 1
make[1]: Leaving directory '/mnt/c/Users/Indil/Desktop/RStudioGit/IterativeMethods/build_dir/CMakeFiles/CMakeTmp'
make: *** [Makefile:121: cmTC_7fe78/fast] Error 2


...and run output:

Return value: 1
Source file was:

#include <stdio.h>
#include <stdint.h>
#include <ptscotch.h>
int main(int argc, char **argv) {
  if (sizeof(SCOTCH_Num) == 4)
    return 0;
  else
    return 1;
}

Performing C SOURCE FILE Test PTSCOTCH_Num_8 failed with the following compile output:
Change Dir: /mnt/c/Users/Indil/Desktop/RStudioGit/IterativeMethods/build_dir/CMakeFiles/CMakeTmp

Run Build Command(s):/usr/bin/make cmTC_92973/fast && /usr/bin/make -f CMakeFiles/cmTC_92973.dir/build.make CMakeFiles/cmTC_92973.dir/build
make[1]: Entering directory '/mnt/c/Users/Indil/Desktop/RStudioGit/IterativeMethods/build_dir/CMakeFiles/CMakeTmp'
Building C object CMakeFiles/cmTC_92973.dir/src.c.o
/usr/bin/cc   -DPTSCOTCH_Num_8   -o CMakeFiles/cmTC_92973.dir/src.c.o   -c /mnt/c/Users/Indil/Desktop/RStudioGit/IterativeMethods/build_dir/CMakeFiles/CMakeTmp/src.c
/mnt/c/Users/Indil/Desktop/RStudioGit/IterativeMethods/build_dir/CMakeFiles/CMakeTmp/src.c:4:10: fatal error: ptscotch.h: No such file or directory
    4 | #include <ptscotch.h>
      |          ^~~~~~~~~~~~
compilation terminated.
make[1]: *** [CMakeFiles/cmTC_92973.dir/build.make:66: CMakeFiles/cmTC_92973.dir/src.c.o] Error 1
make[1]: Leaving directory '/mnt/c/Users/Indil/Desktop/RStudioGit/IterativeMethods/build_dir/CMakeFiles/CMakeTmp'
make: *** [Makefile:121: cmTC_92973/fast] Error 2


...and run output:

Return value: 1
Source file was:

#include <stdio.h>
#include <stdint.h>
#include <ptscotch.h>
int main(int argc, char **argv) {
  if (sizeof(SCOTCH_Num) == 8)
    return 0;
  else
    return 1;
}

The MPI test test_mpi for C in mode normal failed to compile with the following output:
Change Dir: /mnt/c/Users/Indil/Desktop/RStudioGit/IterativeMethods/build_dir/CMakeFiles/CMakeTmp

Run Build Command(s):/usr/bin/make cmTC_90c04/fast && /usr/bin/make -f CMakeFiles/cmTC_90c04.dir/build.make CMakeFiles/cmTC_90c04.dir/build
make[1]: Entering directory '/mnt/c/Users/Indil/Desktop/RStudioGit/IterativeMethods/build_dir/CMakeFiles/CMakeTmp'
Building C object CMakeFiles/cmTC_90c04.dir/test_mpi.c.o
/usr/bin/cc    -o CMakeFiles/cmTC_90c04.dir/test_mpi.c.o   -c /usr/share/cmake-3.16/Modules/FindMPI/test_mpi.c
/usr/share/cmake-3.16/Modules/FindMPI/test_mpi.c:1:10: fatal error: mpi.h: No such file or directory
    1 | #include <mpi.h>
      |          ^~~~~~~
compilation terminated.
make[1]: *** [CMakeFiles/cmTC_90c04.dir/build.make:66: CMakeFiles/cmTC_90c04.dir/test_mpi.c.o] Error 1
make[1]: Leaving directory '/mnt/c/Users/Indil/Desktop/RStudioGit/IterativeMethods/build_dir/CMakeFiles/CMakeTmp'
make: *** [Makefile:121: cmTC_90c04/fast] Error 2



The MPI test test_mpi for CXX in mode normal failed to compile with the following output:
Change Dir: /mnt/c/Users/Indil/Desktop/RStudioGit/IterativeMethods/build_dir/CMakeFiles/CMakeTmp

Run Build Command(s):/usr/bin/make cmTC_2e019/fast && /usr/bin/make -f CMakeFiles/cmTC_2e019.dir/build.make CMakeFiles/cmTC_2e019.dir/build
make[1]: Entering directory '/mnt/c/Users/Indil/Desktop/RStudioGit/IterativeMethods/build_dir/CMakeFiles/CMakeTmp'
Building CXX object CMakeFiles/cmTC_2e019.dir/test_mpi.cpp.o
/usr/bin/c++    -std=c++03 -pedantic -Wall -Wextra -Wundef -Wcast-align -Wchar-subscripts -Wnon-virtual-dtor -Wunused-local-typedefs -Wpointer-arith -Wwrite-strings -Wformat-security -Wlogical-op -Wdouble-promotion -Wno-psabi -Wno-variadic-macros -Wno-long-long -fno-check-new -fno-common -fstrict-aliasing -ansi    -o CMakeFiles/cmTC_2e019.dir/test_mpi.cpp.o -c /mnt/c/Users/Indil/Desktop/RStudioGit/IterativeMethods/build_dir/CMakeFiles/FindMPI/test_mpi.cpp
/mnt/c/Users/Indil/Desktop/RStudioGit/IterativeMethods/build_dir/CMakeFiles/FindMPI/test_mpi.cpp:1:10: fatal error: mpi.h: No such file or directory
    1 | #include <mpi.h>
      |          ^~~~~~~
compilation terminated.
make[1]: *** [CMakeFiles/cmTC_2e019.dir/build.make:66: CMakeFiles/cmTC_2e019.dir/test_mpi.cpp.o] Error 1
make[1]: Leaving directory '/mnt/c/Users/Indil/Desktop/RStudioGit/IterativeMethods/build_dir/CMakeFiles/CMakeTmp'
make: *** [Makefile:121: cmTC_2e019/fast] Error 2



The MPI test test_mpi for C in mode normal failed to compile with the following output:
Change Dir: /mnt/c/Users/Indil/Desktop/RStudioGit/IterativeMethods/build_dir/CMakeFiles/CMakeTmp

Run Build Command(s):/usr/bin/make cmTC_d3ede/fast && /usr/bin/make -f CMakeFiles/cmTC_d3ede.dir/build.make CMakeFiles/cmTC_d3ede.dir/build
make[1]: Entering directory '/mnt/c/Users/Indil/Desktop/RStudioGit/IterativeMethods/build_dir/CMakeFiles/CMakeTmp'
Building C object CMakeFiles/cmTC_d3ede.dir/test_mpi.c.o
/usr/bin/cc    -o CMakeFiles/cmTC_d3ede.dir/test_mpi.c.o   -c /usr/share/cmake-3.16/Modules/FindMPI/test_mpi.c
/usr/share/cmake-3.16/Modules/FindMPI/test_mpi.c:1:10: fatal error: mpi.h: No such file or directory
    1 | #include <mpi.h>
      |          ^~~~~~~
compilation terminated.
make[1]: *** [CMakeFiles/cmTC_d3ede.dir/build.make:66: CMakeFiles/cmTC_d3ede.dir/test_mpi.c.o] Error 1
make[1]: Leaving directory '/mnt/c/Users/Indil/Desktop/RStudioGit/IterativeMethods/build_dir/CMakeFiles/CMakeTmp'
make: *** [Makefile:121: cmTC_d3ede/fast] Error 2



The MPI test test_mpi for CXX in mode normal failed to compile with the following output:
Change Dir: /mnt/c/Users/Indil/Desktop/RStudioGit/IterativeMethods/build_dir/CMakeFiles/CMakeTmp

Run Build Command(s):/usr/bin/make cmTC_62fda/fast && /usr/bin/make -f CMakeFiles/cmTC_62fda.dir/build.make CMakeFiles/cmTC_62fda.dir/build
make[1]: Entering directory '/mnt/c/Users/Indil/Desktop/RStudioGit/IterativeMethods/build_dir/CMakeFiles/CMakeTmp'
Building CXX object CMakeFiles/cmTC_62fda.dir/test_mpi.cpp.o
/usr/bin/c++    -std=c++03 -pedantic -Wall -Wextra -Wundef -Wcast-align -Wchar-subscripts -Wnon-virtual-dtor -Wunused-local-typedefs -Wpointer-arith -Wwrite-strings -Wformat-security -Wlogical-op -Wdouble-promotion -Wno-psabi -Wno-variadic-macros -Wno-long-long -fno-check-new -fno-common -fstrict-aliasing -ansi    -o CMakeFiles/cmTC_62fda.dir/test_mpi.cpp.o -c /mnt/c/Users/Indil/Desktop/RStudioGit/IterativeMethods/build_dir/CMakeFiles/FindMPI/test_mpi.cpp
/mnt/c/Users/Indil/Desktop/RStudioGit/IterativeMethods/build_dir/CMakeFiles/FindMPI/test_mpi.cpp:1:10: fatal error: mpi.h: No such file or directory
    1 | #include <mpi.h>
      |          ^~~~~~~
compilation terminated.
make[1]: *** [CMakeFiles/cmTC_62fda.dir/build.make:66: CMakeFiles/cmTC_62fda.dir/test_mpi.cpp.o] Error 1
make[1]: Leaving directory '/mnt/c/Users/Indil/Desktop/RStudioGit/IterativeMethods/build_dir/CMakeFiles/CMakeTmp'
make: *** [Makefile:121: cmTC_62fda/fast] Error 2



